<?xml version="1.0" encoding="UTF-8"?>
<!-- Generated by org.testng.reporters.JUnitXMLReporter -->
<testsuite ignored="0" hostname="LAPTOP-3SR02UUG" failures="0" tests="1" name="Test" time="0.035" errors="0" timestamp="2024-11-09T13:40:59 IST">
  <testcase classname="com.mystore.testcase.BaseClass" name="@BeforeClass setup" time="0.005">
    <failure type="java.lang.NullPointerException" message="Cannot invoke &amp;quot;String.toLowerCase()&amp;quot; because &amp;quot;this.browser&amp;quot; is null">
      <![CDATA[java.lang.NullPointerException: Cannot invoke "String.toLowerCase()" because "this.browser" is null
at com.mystore.testcase.BaseClass.setup(BaseClass.java:22)
at java.base/java.util.ArrayList.forEach(ArrayList.java:1596)
... Removed 23 stack frames]]>
    </failure>
  </testcase> <!-- @BeforeClass setup -->
  <testcase classname="com.mystore.testcase.BaseClass" name="@AfterClass tearDown" time="-1.731139859141E9">
    <skipped/>
  </testcase> <!-- @AfterClass tearDown -->
  <testcase classname="com.mystore.testcase.TC_MyAccountPageTest" name="verifyPositiveLoginTest" time="0.0">
    <skipped/>
  </testcase> <!-- verifyPositiveLoginTest -->
</testsuite> <!-- Test -->
