<?xml version="1.0" encoding="UTF-8"?>
<testng-results ignored="0" total="1" passed="1" failed="0" skipped="0">
  <reporter-output>
  </reporter-output>
  <suite started-at="2024-12-20T14:37:00 IST" name="Suite" finished-at="2024-12-20T14:37:29 IST" duration-ms="29203">
    <groups>
    </groups>
    <test started-at="2024-12-20T14:37:00 IST" name="User Sign In Test" finished-at="2024-12-20T14:37:29 IST" duration-ms="29203">
      <class name="com.mystore.testcase.userSignInFlow">
        <test-method is-config="true" signature="setup()[pri:0, instance:com.mystore.testcase.userSignInFlow@368247b9]" started-at="2024-12-20T14:37:00 IST" name="setup" finished-at="2024-12-20T14:37:22 IST" duration-ms="22414" status="PASS">
          <reporter-output>
          </reporter-output>
        </test-method> <!-- setup -->
        <test-method signature="verifyUserSignInFlow()[pri:0, instance:com.mystore.testcase.userSignInFlow@368247b9]" started-at="2024-12-20T14:37:22 IST" name="verifyUserSignInFlow" finished-at="2024-12-20T14:37:29 IST" duration-ms="6766" status="PASS">
          <reporter-output>
          </reporter-output>
        </test-method> <!-- verifyUserSignInFlow -->
      </class> <!-- com.mystore.testcase.userSignInFlow -->
    </test> <!-- User Sign In Test -->
  </suite> <!-- Suite -->
</testng-results>
